<?xml version="1.0" encoding="UTF-8"?>
<!-- Generated by org.testng.reporters.JUnitReportReporter -->
<testsuite hostname="DESKTOP-O4SES0B" failures="0" tests="3" name="testcases.googlePlaceTest" time="5.438" errors="0" timestamp="2021-01-27T14:54:38 IST" skipped="0">
  <testcase classname="testcases.googlePlaceTest" name="AddPlaceTest" time="2.095"/>
  <system-out/>
  <testcase classname="testcases.googlePlaceTest" name="getPlaceTest" time="1.552"/>
  <system-out/>
  <testcase classname="testcases.googlePlaceTest" name="deletePlaceTest" time="1.791"/>
  <system-out/>
</testsuite> <!-- testcases.googlePlaceTest -->
