<?xml version="1.0" encoding="UTF-8"?>
<!-- Generated by org.testng.reporters.JUnitReportReporter -->
<testsuite hostname="DESKTOP-O4SES0B" failures="0" tests="8" name="testcases.LibraryAPI" time="3.120" errors="0" timestamp="2021-02-05T12:14:48 IST" skipped="0">
  <testcase classname="testcases.LibraryAPI" name="deleteBook" time="0.149"/>
  <system-out/>
  <testcase classname="testcases.LibraryAPI" name="deleteBook" time="0.126"/>
  <system-out/>
  <testcase classname="testcases.LibraryAPI" name="AddBook" time="0.163"/>
  <system-out/>
  <testcase classname="testcases.LibraryAPI" name="AddBook" time="0.144"/>
  <system-out/>
  <testcase classname="testcases.LibraryAPI" name="AddBook" time="2.109"/>
  <system-out/>
  <testcase classname="testcases.LibraryAPI" name="deleteBook" time="0.136"/>
  <system-out/>
  <testcase classname="testcases.LibraryAPI" name="deleteBook" time="0.153"/>
  <system-out/>
  <testcase classname="testcases.LibraryAPI" name="AddBook" time="0.140"/>
  <system-out/>
</testsuite> <!-- testcases.LibraryAPI -->
